{"/Users/matthewhill/Projects/lets-test-react/src/App.js": {"path":"/Users/matthewhill/Projects/lets-test-react/src/App.js","statementMap":{"0":{"start":{"line":13,"column":12},"end":{"line":42,"column":1}},"1":{"start":{"line":14,"column":28},"end":{"line":14,"column":49}},"2":{"start":{"line":15,"column":26},"end":{"line":15,"column":41}},"3":{"start":{"line":17,"column":21},"end":{"line":19,"column":3}},"4":{"start":{"line":18,"column":4},"end":{"line":18,"column":31}},"5":{"start":{"line":21,"column":21},"end":{"line":23,"column":3}},"6":{"start":{"line":22,"column":4},"end":{"line":22,"column":20}},"7":{"start":{"line":25,"column":2},"end":{"line":41,"column":4}}},"fnMap":{"0":{"name":"(anonymous_0)","decl":{"start":{"line":13,"column":12},"end":{"line":13,"column":13}},"loc":{"start":{"line":13,"column":18},"end":{"line":42,"column":1}},"line":13},"1":{"name":"(anonymous_1)","decl":{"start":{"line":17,"column":21},"end":{"line":17,"column":22}},"loc":{"start":{"line":17,"column":27},"end":{"line":19,"column":3}},"line":17},"2":{"name":"(anonymous_2)","decl":{"start":{"line":21,"column":21},"end":{"line":21,"column":22}},"loc":{"start":{"line":21,"column":27},"end":{"line":23,"column":3}},"line":21}},"branchMap":{},"s":{"0":2,"1":4,"2":4,"3":4,"4":1,"5":4,"6":1,"7":4},"f":{"0":4,"1":1,"2":1},"b":{},"_coverageSchema":"43e27e138ebf9cfc5966b082cf9a028302ed4184","hash":"67060695c10f52df1306cacba187ce515fef3fa5"}
,"/Users/matthewhill/Projects/lets-test-react/src/index.js": {"path":"/Users/matthewhill/Projects/lets-test-react/src/index.js","statementMap":{"0":{"start":{"line":5,"column":0},"end":{"line":5,"column":58}}},"fnMap":{},"branchMap":{},"s":{"0":0},"f":{},"b":{},"hash":"f1eb2bb233dd6a99140b8292e1b9d2f5268be4a0"}
,"/Users/matthewhill/Projects/lets-test-react/src/components/Counter/counter.js": {"path":"/Users/matthewhill/Projects/lets-test-react/src/components/Counter/counter.js","statementMap":{"0":{"start":{"line":6,"column":4},"end":{"line":6,"column":16}},"1":{"start":{"line":8,"column":4},"end":{"line":10,"column":5}},"2":{"start":{"line":13,"column":14},"end":{"line":15,"column":3}},"3":{"start":{"line":14,"column":4},"end":{"line":14,"column":48}},"4":{"start":{"line":23,"column":4},"end":{"line":29,"column":3}}},"fnMap":{"0":{"name":"(anonymous_0)","decl":{"start":{"line":5,"column":2},"end":{"line":5,"column":3}},"loc":{"start":{"line":5,"column":21},"end":{"line":11,"column":3}},"line":5},"1":{"name":"(anonymous_1)","decl":{"start":{"line":13,"column":14},"end":{"line":13,"column":15}},"loc":{"start":{"line":13,"column":20},"end":{"line":15,"column":3}},"line":13},"2":{"name":"(anonymous_2)","decl":{"start":{"line":22,"column":2},"end":{"line":22,"column":3}},"loc":{"start":{"line":22,"column":11},"end":{"line":29,"column":4}},"line":22}},"branchMap":{},"s":{"0":3,"1":3,"2":3,"3":2,"4":8},"f":{"0":3,"1":2,"2":8},"b":{},"_coverageSchema":"43e27e138ebf9cfc5966b082cf9a028302ed4184","hash":"b5208a44b6f7fb67a69fdf63db426f770443c651"}
,"/Users/matthewhill/Projects/lets-test-react/src/components/basic test/basic_test.js": {"path":"/Users/matthewhill/Projects/lets-test-react/src/components/basic test/basic_test.js","statementMap":{"0":{"start":{"line":3,"column":14},"end":{"line":10,"column":1}},"1":{"start":{"line":4,"column":2},"end":{"line":9,"column":4}}},"fnMap":{"0":{"name":"(anonymous_0)","decl":{"start":{"line":3,"column":14},"end":{"line":3,"column":15}},"loc":{"start":{"line":3,"column":20},"end":{"line":10,"column":1}},"line":3}},"branchMap":{},"s":{"0":3,"1":7},"f":{"0":7},"b":{},"_coverageSchema":"43e27e138ebf9cfc5966b082cf9a028302ed4184","hash":"289f0b9d0ff4109b6cd7cd18f8dd5753e628cb8a"}
,"/Users/matthewhill/Projects/lets-test-react/src/components/react-testing-lib/test_axios.js": {"path":"/Users/matthewhill/Projects/lets-test-react/src/components/react-testing-lib/test_axios.js","statementMap":{"0":{"start":{"line":4,"column":18},"end":{"line":21,"column":1}},"1":{"start":{"line":5,"column":28},"end":{"line":5,"column":38}},"2":{"start":{"line":7,"column":2},"end":{"line":10,"column":8}},"3":{"start":{"line":8,"column":4},"end":{"line":9,"column":38}},"4":{"start":{"line":9,"column":19},"end":{"line":9,"column":37}},"5":{"start":{"line":13,"column":2},"end":{"line":20,"column":3}}},"fnMap":{"0":{"name":"(anonymous_0)","decl":{"start":{"line":4,"column":18},"end":{"line":4,"column":19}},"loc":{"start":{"line":4,"column":29},"end":{"line":21,"column":1}},"line":4},"1":{"name":"(anonymous_1)","decl":{"start":{"line":7,"column":12},"end":{"line":7,"column":13}},"loc":{"start":{"line":7,"column":18},"end":{"line":10,"column":3}},"line":7},"2":{"name":"(anonymous_2)","decl":{"start":{"line":9,"column":12},"end":{"line":9,"column":13}},"loc":{"start":{"line":9,"column":19},"end":{"line":9,"column":37}},"line":9}},"branchMap":{"0":{"loc":{"start":{"line":16,"column":9},"end":{"line":18,"column":29}},"type":"cond-expr","locations":[{"start":{"line":17,"column":12},"end":{"line":17,"column":52}},{"start":{"line":18,"column":12},"end":{"line":18,"column":29}}],"line":16}},"s":{"0":3,"1":8,"2":8,"3":3,"4":3,"5":8},"f":{"0":8,"1":3,"2":3},"b":{"0":[3,5]},"_coverageSchema":"43e27e138ebf9cfc5966b082cf9a028302ed4184","hash":"a8ae67b8a1c7b3a886de5ae11fe13d39cb89ff2a"}
,"/Users/matthewhill/Projects/lets-test-react/src/components/react-testing-lib/test_hook.js": {"path":"/Users/matthewhill/Projects/lets-test-react/src/components/react-testing-lib/test_hook.js","statementMap":{"0":{"start":{"line":4,"column":17},"end":{"line":27,"column":1}},"1":{"start":{"line":5,"column":28},"end":{"line":5,"column":53}},"2":{"start":{"line":7,"column":22},"end":{"line":9,"column":3}},"3":{"start":{"line":8,"column":4},"end":{"line":8,"column":37}},"4":{"start":{"line":11,"column":28},"end":{"line":13,"column":3}},"5":{"start":{"line":12,"column":4},"end":{"line":12,"column":22}},"6":{"start":{"line":15,"column":2},"end":{"line":26,"column":3}}},"fnMap":{"0":{"name":"(anonymous_0)","decl":{"start":{"line":4,"column":17},"end":{"line":4,"column":18}},"loc":{"start":{"line":4,"column":28},"end":{"line":27,"column":1}},"line":4},"1":{"name":"(anonymous_1)","decl":{"start":{"line":7,"column":22},"end":{"line":7,"column":23}},"loc":{"start":{"line":7,"column":28},"end":{"line":9,"column":3}},"line":7},"2":{"name":"(anonymous_2)","decl":{"start":{"line":11,"column":28},"end":{"line":11,"column":29}},"loc":{"start":{"line":11,"column":34},"end":{"line":13,"column":3}},"line":11}},"branchMap":{},"s":{"0":2,"1":6,"2":6,"3":1,"4":6,"5":1,"6":6},"f":{"0":6,"1":1,"2":1},"b":{},"_coverageSchema":"43e27e138ebf9cfc5966b082cf9a028302ed4184","hash":"bb8eddaddaa7deb5a9667fb4a68d0fd64dee28be"}
,"/Users/matthewhill/Projects/lets-test-react/src/components/react-testing-lib/test_hook_context.js": {"path":"/Users/matthewhill/Projects/lets-test-react/src/components/react-testing-lib/test_hook_context.js","statementMap":{"0":{"start":{"line":5,"column":24},"end":{"line":16,"column":1}},"1":{"start":{"line":6,"column":18},"end":{"line":6,"column":37}},"2":{"start":{"line":8,"column":2},"end":{"line":15,"column":3}}},"fnMap":{"0":{"name":"(anonymous_0)","decl":{"start":{"line":5,"column":24},"end":{"line":5,"column":25}},"loc":{"start":{"line":5,"column":30},"end":{"line":16,"column":1}},"line":5}},"branchMap":{},"s":{"0":2,"1":4,"2":4},"f":{"0":4},"b":{},"_coverageSchema":"43e27e138ebf9cfc5966b082cf9a028302ed4184","hash":"a1e2a1244569a3c3dfcdaf3cfea6f8d202719040"}
,"/Users/matthewhill/Projects/lets-test-react/src/components/react-testing-lib/test_hook_form.js": {"path":"/Users/matthewhill/Projects/lets-test-react/src/components/react-testing-lib/test_hook_form.js","statementMap":{"0":{"start":{"line":3,"column":19},"end":{"line":30,"column":1}},"1":{"start":{"line":4,"column":40},"end":{"line":4,"column":52}},"2":{"start":{"line":5,"column":40},"end":{"line":5,"column":52}},"3":{"start":{"line":7,"column":23},"end":{"line":9,"column":3}},"4":{"start":{"line":8,"column":4},"end":{"line":8,"column":38}},"5":{"start":{"line":11,"column":23},"end":{"line":14,"column":3}},"6":{"start":{"line":12,"column":4},"end":{"line":12,"column":27}},"7":{"start":{"line":13,"column":4},"end":{"line":13,"column":44}},"8":{"start":{"line":16,"column":4},"end":{"line":29,"column":5}}},"fnMap":{"0":{"name":"(anonymous_0)","decl":{"start":{"line":3,"column":19},"end":{"line":3,"column":20}},"loc":{"start":{"line":3,"column":25},"end":{"line":30,"column":1}},"line":3},"1":{"name":"(anonymous_1)","decl":{"start":{"line":7,"column":23},"end":{"line":7,"column":24}},"loc":{"start":{"line":8,"column":4},"end":{"line":8,"column":38}},"line":8},"2":{"name":"(anonymous_2)","decl":{"start":{"line":11,"column":23},"end":{"line":11,"column":24}},"loc":{"start":{"line":11,"column":34},"end":{"line":14,"column":3}},"line":11}},"branchMap":{},"s":{"0":3,"1":8,"2":8,"3":8,"4":1,"5":8,"6":1,"7":1,"8":8},"f":{"0":8,"1":1,"2":1},"b":{},"_coverageSchema":"43e27e138ebf9cfc5966b082cf9a028302ed4184","hash":"649fb1e3d765e108713fa0c7c7adbc02d96e11bd"}
,"/Users/matthewhill/Projects/lets-test-react/src/components/react-testing-lib/test_hook_reducer.js": {"path":"/Users/matthewhill/Projects/lets-test-react/src/components/react-testing-lib/test_hook_reducer.js","statementMap":{"0":{"start":{"line":6,"column":24},"end":{"line":30,"column":1}},"1":{"start":{"line":7,"column":35},"end":{"line":7,"column":101}},"2":{"start":{"line":7,"column":95},"end":{"line":7,"column":100}},"3":{"start":{"line":9,"column":32},"end":{"line":11,"column":3}},"4":{"start":{"line":10,"column":4},"end":{"line":10,"column":29}},"5":{"start":{"line":13,"column":32},"end":{"line":15,"column":3}},"6":{"start":{"line":14,"column":4},"end":{"line":14,"column":29}},"7":{"start":{"line":18,"column":2},"end":{"line":29,"column":3}}},"fnMap":{"0":{"name":"(anonymous_0)","decl":{"start":{"line":6,"column":24},"end":{"line":6,"column":25}},"loc":{"start":{"line":6,"column":30},"end":{"line":30,"column":1}},"line":6},"1":{"name":"(anonymous_1)","decl":{"start":{"line":7,"column":86},"end":{"line":7,"column":87}},"loc":{"start":{"line":7,"column":95},"end":{"line":7,"column":100}},"line":7},"2":{"name":"(anonymous_2)","decl":{"start":{"line":9,"column":32},"end":{"line":9,"column":33}},"loc":{"start":{"line":9,"column":38},"end":{"line":11,"column":3}},"line":9},"3":{"name":"(anonymous_3)","decl":{"start":{"line":13,"column":32},"end":{"line":13,"column":33}},"loc":{"start":{"line":13,"column":38},"end":{"line":15,"column":3}},"line":13}},"branchMap":{"0":{"loc":{"start":{"line":21,"column":9},"end":{"line":23,"column":43}},"type":"cond-expr","locations":[{"start":{"line":22,"column":13},"end":{"line":22,"column":42}},{"start":{"line":23,"column":13},"end":{"line":23,"column":43}}],"line":21}},"s":{"0":3,"1":6,"2":3,"3":6,"4":1,"5":6,"6":0,"7":6},"f":{"0":6,"1":3,"2":1,"3":0},"b":{"0":[1,5]},"_coverageSchema":"43e27e138ebf9cfc5966b082cf9a028302ed4184","hash":"2e874d15708627ee8a12521f2f3925f96a4d0ab3"}
,"/Users/matthewhill/Projects/lets-test-react/src/components/store/actions.js": {"path":"/Users/matthewhill/Projects/lets-test-react/src/components/store/actions.js","statementMap":{"0":{"start":{"line":1,"column":23},"end":{"line":3,"column":1}},"1":{"start":{"line":5,"column":23},"end":{"line":7,"column":1}},"2":{"start":{"line":9,"column":31},"end":{"line":14,"column":1}},"3":{"start":{"line":10,"column":2},"end":{"line":13,"column":2}},"4":{"start":{"line":16,"column":31},"end":{"line":20,"column":1}},"5":{"start":{"line":17,"column":2},"end":{"line":19,"column":3}}},"fnMap":{"0":{"name":"(anonymous_0)","decl":{"start":{"line":9,"column":31},"end":{"line":9,"column":32}},"loc":{"start":{"line":9,"column":41},"end":{"line":14,"column":1}},"line":9},"1":{"name":"(anonymous_1)","decl":{"start":{"line":16,"column":31},"end":{"line":16,"column":32}},"loc":{"start":{"line":16,"column":37},"end":{"line":20,"column":1}},"line":16}},"branchMap":{},"s":{"0":3,"1":3,"2":3,"3":0,"4":3,"5":0},"f":{"0":0,"1":0},"b":{},"_coverageSchema":"43e27e138ebf9cfc5966b082cf9a028302ed4184","hash":"c488c9773fe48a04788a79608af2af69c112c9db"}
,"/Users/matthewhill/Projects/lets-test-react/src/components/store/context.js": {"path":"/Users/matthewhill/Projects/lets-test-react/src/components/store/context.js","statementMap":{"0":{"start":{"line":3,"column":16},"end":{"line":3,"column":37}}},"fnMap":{},"branchMap":{},"s":{"0":2},"f":{},"b":{},"_coverageSchema":"43e27e138ebf9cfc5966b082cf9a028302ed4184","hash":"7bfdb75a6dfaf0fd80b7fa182fc5938344aa693c"}
,"/Users/matthewhill/Projects/lets-test-react/src/components/store/reducer.js": {"path":"/Users/matthewhill/Projects/lets-test-react/src/components/store/reducer.js","statementMap":{"0":{"start":{"line":3,"column":28},"end":{"line":5,"column":1}},"1":{"start":{"line":7,"column":24},"end":{"line":22,"column":1}},"2":{"start":{"line":8,"column":2},"end":{"line":21,"column":3}},"3":{"start":{"line":10,"column":6},"end":{"line":13,"column":7}},"4":{"start":{"line":15,"column":6},"end":{"line":18,"column":7}},"5":{"start":{"line":20,"column":6},"end":{"line":20,"column":24}}},"fnMap":{"0":{"name":"(anonymous_0)","decl":{"start":{"line":7,"column":24},"end":{"line":7,"column":25}},"loc":{"start":{"line":7,"column":58},"end":{"line":22,"column":1}},"line":7}},"branchMap":{"0":{"loc":{"start":{"line":7,"column":25},"end":{"line":7,"column":45}},"type":"default-arg","locations":[{"start":{"line":7,"column":33},"end":{"line":7,"column":45}}],"line":7},"1":{"loc":{"start":{"line":8,"column":2},"end":{"line":21,"column":3}},"type":"switch","locations":[{"start":{"line":9,"column":4},"end":{"line":13,"column":7}},{"start":{"line":14,"column":4},"end":{"line":18,"column":7}},{"start":{"line":19,"column":4},"end":{"line":20,"column":24}}],"line":8}},"s":{"0":3,"1":3,"2":2,"3":2,"4":0,"5":0},"f":{"0":2},"b":{"0":[0],"1":[2,0,0]},"_coverageSchema":"43e27e138ebf9cfc5966b082cf9a028302ed4184","hash":"df25de7e8be5488717479d000f3524946d9193e2"}
}
