TN:
SF:/Users/matthewhill/Projects/lets-test-react/src/App.js
FN:13,(anonymous_0)
FN:17,(anonymous_1)
FN:21,(anonymous_2)
FNF:3
FNH:3
FNDA:4,(anonymous_0)
FNDA:1,(anonymous_1)
FNDA:1,(anonymous_2)
DA:13,2
DA:14,4
DA:15,4
DA:17,4
DA:18,1
DA:21,4
DA:22,1
DA:25,4
LF:8
LH:8
BRF:0
BRH:0
end_of_record
TN:
SF:/Users/matthewhill/Projects/lets-test-react/src/index.js
FNF:0
FNH:0
DA:5,0
LF:1
LH:0
BRF:0
BRH:0
end_of_record
TN:
SF:/Users/matthewhill/Projects/lets-test-react/src/components/Counter/counter.js
FN:5,(anonymous_0)
FN:13,(anonymous_1)
FN:22,(anonymous_2)
FNF:3
FNH:3
FNDA:3,(anonymous_0)
FNDA:2,(anonymous_1)
FNDA:8,(anonymous_2)
DA:6,3
DA:8,3
DA:13,3
DA:14,2
DA:23,8
LF:5
LH:5
BRF:0
BRH:0
end_of_record
TN:
SF:/Users/matthewhill/Projects/lets-test-react/src/components/basic test/basic_test.js
FN:3,(anonymous_0)
FNF:1
FNH:1
FNDA:7,(anonymous_0)
DA:3,3
DA:4,7
LF:2
LH:2
BRF:0
BRH:0
end_of_record
TN:
SF:/Users/matthewhill/Projects/lets-test-react/src/components/react-testing-lib/test_axios.js
FN:4,(anonymous_0)
FN:7,(anonymous_1)
FN:9,(anonymous_2)
FNF:3
FNH:3
FNDA:8,(anonymous_0)
FNDA:3,(anonymous_1)
FNDA:3,(anonymous_2)
DA:4,3
DA:5,8
DA:7,8
DA:8,3
DA:9,3
DA:13,8
LF:6
LH:6
BRDA:16,0,0,3
BRDA:16,0,1,5
BRF:2
BRH:2
end_of_record
TN:
SF:/Users/matthewhill/Projects/lets-test-react/src/components/react-testing-lib/test_hook.js
FN:4,(anonymous_0)
FN:7,(anonymous_1)
FN:11,(anonymous_2)
FNF:3
FNH:3
FNDA:6,(anonymous_0)
FNDA:1,(anonymous_1)
FNDA:1,(anonymous_2)
DA:4,2
DA:5,6
DA:7,6
DA:8,1
DA:11,6
DA:12,1
DA:15,6
LF:7
LH:7
BRF:0
BRH:0
end_of_record
TN:
SF:/Users/matthewhill/Projects/lets-test-react/src/components/react-testing-lib/test_hook_context.js
FN:5,(anonymous_0)
FNF:1
FNH:1
FNDA:4,(anonymous_0)
DA:5,2
DA:6,4
DA:8,4
LF:3
LH:3
BRF:0
BRH:0
end_of_record
TN:
SF:/Users/matthewhill/Projects/lets-test-react/src/components/react-testing-lib/test_hook_form.js
FN:3,(anonymous_0)
FN:7,(anonymous_1)
FN:11,(anonymous_2)
FNF:3
FNH:3
FNDA:8,(anonymous_0)
FNDA:1,(anonymous_1)
FNDA:1,(anonymous_2)
DA:3,3
DA:4,8
DA:5,8
DA:7,8
DA:8,1
DA:11,8
DA:12,1
DA:13,1
DA:16,8
LF:9
LH:9
BRF:0
BRH:0
end_of_record
TN:
SF:/Users/matthewhill/Projects/lets-test-react/src/components/react-testing-lib/test_hook_reducer.js
FN:6,(anonymous_0)
FN:7,(anonymous_1)
FN:9,(anonymous_2)
FN:13,(anonymous_3)
FNF:4
FNH:3
FNDA:6,(anonymous_0)
FNDA:3,(anonymous_1)
FNDA:1,(anonymous_2)
FNDA:0,(anonymous_3)
DA:6,3
DA:7,6
DA:9,6
DA:10,1
DA:13,6
DA:14,0
DA:18,6
LF:7
LH:6
BRDA:21,0,0,1
BRDA:21,0,1,5
BRF:2
BRH:2
end_of_record
TN:
SF:/Users/matthewhill/Projects/lets-test-react/src/components/store/actions.js
FN:9,(anonymous_0)
FN:16,(anonymous_1)
FNF:2
FNH:0
FNDA:0,(anonymous_0)
FNDA:0,(anonymous_1)
DA:1,3
DA:5,3
DA:9,3
DA:10,0
DA:16,3
DA:17,0
LF:6
LH:4
BRF:0
BRH:0
end_of_record
TN:
SF:/Users/matthewhill/Projects/lets-test-react/src/components/store/context.js
FNF:0
FNH:0
DA:3,2
LF:1
LH:1
BRF:0
BRH:0
end_of_record
TN:
SF:/Users/matthewhill/Projects/lets-test-react/src/components/store/reducer.js
FN:7,(anonymous_0)
FNF:1
FNH:1
FNDA:2,(anonymous_0)
DA:3,3
DA:7,3
DA:8,2
DA:10,2
DA:15,0
DA:20,0
LF:6
LH:4
BRDA:7,0,0,0
BRDA:8,1,0,2
BRDA:8,1,1,0
BRDA:8,1,2,0
BRF:4
BRH:1
end_of_record
